{"name":"test01","id":"bestbuy.serinity.wk18.testsuite.StoreAssertionTest:test01","testCaseName":"bestbuy.serinity.wk18.testsuite.StoreAssertionTest","userStory":{"id":"bestbuy.serinity.wk18.testsuite.StoreAssertionTest","storyName":"Store assertion test","storyClassName":"bestbuy.serinity.wk18.testsuite.StoreAssertionTest","path":"bestbuy.serinity.wk18.testsuite","type":"story"},"featureTag":{"name":"Testsuite/Store assertion test","type":"story"},"title":"Verify the if the total is equal to 1563","tags":[{"name":"Testsuite/Store assertion test","type":"story"}],"startTime":"2023-06-08T20:37:54.984+01:00[Europe/London]","duration":247,"testFailureCause":{"errorType":"java.lang.AssertionError","message":"1 expectation failed.\nJSON path total doesn\u0027t match.\nExpected: \u003c1563\u003e\n  Actual: 1561\n","stackTrace":[{"declaringClass":"io.restassured.internal.ResponseSpecificationImpl","methodName":"validateResponseIfRequired","fileName":"ResponseSpecificationImpl.groovy","lineNumber":636},{"declaringClass":"io.restassured.internal.ResponseSpecificationImpl","methodName":"content","fileName":"ResponseSpecificationImpl.groovy","lineNumber":265},{"declaringClass":"io.restassured.internal.ResponseSpecificationImpl","methodName":"body","fileName":"ResponseSpecificationImpl.groovy","lineNumber":248},{"declaringClass":"io.restassured.internal.ValidatableResponseOptionsImpl","methodName":"body","fileName":"ValidatableResponseOptionsImpl.java","lineNumber":268},{"declaringClass":"bestbuy.serinity.wk18.testsuite.StoreAssertionTest","methodName":"test01","fileName":"StoreAssertionTest.java","lineNumber":32}]},"testFailureClassname":"java.lang.AssertionError","testFailureMessage":"1 expectation failed.\nJSON path total doesn\u0027t match.\nExpected: \u003c1563\u003e\n  Actual: 1561\n","testFailureSummary":"FAILURE;java.lang.AssertionError;1 expectation failed.\nJSON path total doesn\u0027t match.\nExpected: \u003c1563\u003e\n  Actual: 1561\n;ResponseSpecificationImpl.groovy","projectKey":"","annotatedResult":"FAILURE","manual":false,"testSource":"JUnit","result":"FAILURE"}