<?xml version="1.0" encoding="UTF-8"?><testsuite errors="0" failures="0" name="bestbuy.serinity.wk18.crudtest.ProductCRUDTest" skipped="0" tests="4" time="7.11" timestamp="2023-06-08T21:00:03.395+01:00[Europe/London]"><testcase classname="bestbuy.serinity.wk18.crudtest.ProductCRUDTest" name="Creating a new product."/><testcase classname="bestbuy.serinity.wk18.crudtest.ProductCRUDTest" name="Getting single product."/><testcase classname="bestbuy.serinity.wk18.crudtest.ProductCRUDTest" name="Updating the product."/><testcase classname="bestbuy.serinity.wk18.crudtest.ProductCRUDTest" name="Deleting the product and verifying the deletion."/></testsuite>