<?xml version="1.0" encoding="UTF-8"?><testsuite errors="0" failures="0" name="bestbuy.serinity.wk18.testsuite.ProductExtractionTest" skipped="0" tests="20" time="2.04" timestamp="2023-06-08T20:37:51.927+01:00[Europe/London]"><testcase classname="bestbuy.serinity.wk18.testsuite.ProductExtractionTest" name="Extract the limit"/><testcase classname="bestbuy.serinity.wk18.testsuite.ProductExtractionTest" name="Extract the total"/><testcase classname="bestbuy.serinity.wk18.testsuite.ProductExtractionTest" name="Extract the name of 5th product"/><testcase classname="bestbuy.serinity.wk18.testsuite.ProductExtractionTest" name="Extract the names of all the products"/><testcase classname="bestbuy.serinity.wk18.testsuite.ProductExtractionTest" name="Extract the productId of all the products"/><testcase classname="bestbuy.serinity.wk18.testsuite.ProductExtractionTest" name="Print the size of the data list"/><testcase classname="bestbuy.serinity.wk18.testsuite.ProductExtractionTest" name="Get all the value of the product where product name = Energizer - MAX Batteries AA (4-Pack)"/><testcase classname="bestbuy.serinity.wk18.testsuite.ProductExtractionTest" name="Get the model of the product where product name = Energizer - N Cell E90 Batteries (2-Pack)"/><testcase classname="bestbuy.serinity.wk18.testsuite.ProductExtractionTest" name="Get all the categories of 8th products"/><testcase classname="bestbuy.serinity.wk18.testsuite.ProductExtractionTest" name="Get categories of the store where product id = 150115"/><testcase classname="bestbuy.serinity.wk18.testsuite.ProductExtractionTest" name="Get all the descriptions of all the products"/><testcase classname="bestbuy.serinity.wk18.testsuite.ProductExtractionTest" name="Get id of all the all categories of all the products"/><testcase classname="bestbuy.serinity.wk18.testsuite.ProductExtractionTest" name="Find the product names Where type = HardGood"/><testcase classname="bestbuy.serinity.wk18.testsuite.ProductExtractionTest" name="Find the Total number of categories for the product where product name = Duracell - AA 1.5V CopperTop Batteries (4-Pack)"/><testcase classname="bestbuy.serinity.wk18.testsuite.ProductExtractionTest" name="Find the createdAt for all products whose price &lt; 5.49"/><testcase classname="bestbuy.serinity.wk18.testsuite.ProductExtractionTest" name="Find the name of all categories Where product name = “Energizer - MAX Batteries AA (4-Pack)”"/><testcase classname="bestbuy.serinity.wk18.testsuite.ProductExtractionTest" name="Find the manufacturer of all the products"/><testcase classname="bestbuy.serinity.wk18.testsuite.ProductExtractionTest" name="Find the image of products whose manufacturer is = Energizer"/><testcase classname="bestbuy.serinity.wk18.testsuite.ProductExtractionTest" name="Find the createdAt for all categories products whose price &gt; 5.99"/><testcase classname="bestbuy.serinity.wk18.testsuite.ProductExtractionTest" name="Find the uri of all the products"/></testsuite>