<?xml version="1.0" encoding="UTF-8"?><testsuite errors="0" failures="0" name="bestbuy.serinity.wk18.crudtest.StoreCRUDTest" skipped="0" tests="4" time="6.96" timestamp="2023-06-08T20:56:18.319+01:00[Europe/London]"><testcase classname="bestbuy.serinity.wk18.crudtest.StoreCRUDTest" name="Creating store and verifying the creation."/><testcase classname="bestbuy.serinity.wk18.crudtest.StoreCRUDTest" name="Getting store information by id."/><testcase classname="bestbuy.serinity.wk18.crudtest.StoreCRUDTest" name="Updating store information by id."/><testcase classname="bestbuy.serinity.wk18.crudtest.StoreCRUDTest" name="Deleting the store and verifying the deletion."/></testsuite>